{"C:\\Users\\tcpladmin\\Desktop\\myparking\\App.tsx": {"path":"C:\\Users\\tcpladmin\\Desktop\\myparking\\App.tsx","statementMap":{"0":{"start":{"line":4,"column":12},"end":{"line":8,"column":1}},"1":{"start":{"line":5,"column":2},"end":{"line":7,"column":3}}},"fnMap":{"0":{"name":"(anonymous_0)","decl":{"start":{"line":4,"column":12},"end":{"line":4,"column":13}},"loc":{"start":{"line":4,"column":18},"end":{"line":8,"column":1}},"line":4}},"branchMap":{},"s":{"0":1,"1":1},"f":{"0":1},"b":{},"_coverageSchema":"1a1c01bbd47fc00a2c39e90264f33305004495a9","hash":"18663c2523f26788e8c5243644afc2eef975f79c"}
,"C:\\Users\\tcpladmin\\Desktop\\myparking\\src\\CustomButton.tsx": {"path":"C:\\Users\\tcpladmin\\Desktop\\myparking\\src\\CustomButton.tsx","statementMap":{"0":{"start":{"line":5,"column":28},"end":{"line":16,"column":1}},"1":{"start":{"line":6,"column":2},"end":{"line":15,"column":4}}},"fnMap":{"0":{"name":"(anonymous_0)","decl":{"start":{"line":5,"column":28},"end":{"line":5,"column":29}},"loc":{"start":{"line":5,"column":44},"end":{"line":16,"column":1}},"line":5}},"branchMap":{},"s":{"0":3,"1":9},"f":{"0":9},"b":{},"_coverageSchema":"1a1c01bbd47fc00a2c39e90264f33305004495a9","hash":"4a8fae6ffe678464aab279c14417a7f4d4359147"}
,"C:\\Users\\tcpladmin\\Desktop\\myparking\\src\\Home.tsx": {"path":"C:\\Users\\tcpladmin\\Desktop\\myparking\\src\\Home.tsx","statementMap":{"0":{"start":{"line":14,"column":20},"end":{"line":225,"column":1}},"1":{"start":{"line":15,"column":30},"end":{"line":15,"column":47}},"2":{"start":{"line":16,"column":34},"end":{"line":16,"column":51}},"3":{"start":{"line":17,"column":42},"end":{"line":17,"column":59}},"4":{"start":{"line":18,"column":42},"end":{"line":18,"column":62}},"5":{"start":{"line":19,"column":38},"end":{"line":19,"column":57}},"6":{"start":{"line":21,"column":38},"end":{"line":21,"column":54}},"7":{"start":{"line":22,"column":40},"end":{"line":22,"column":59}},"8":{"start":{"line":139,"column":2},"end":{"line":224,"column":4}}},"fnMap":{"0":{"name":"(anonymous_0)","decl":{"start":{"line":14,"column":20},"end":{"line":14,"column":21}},"loc":{"start":{"line":14,"column":26},"end":{"line":225,"column":1}},"line":14}},"branchMap":{},"s":{"0":2,"1":2,"2":2,"3":2,"4":2,"5":2,"6":2,"7":2,"8":2},"f":{"0":2},"b":{},"_coverageSchema":"1a1c01bbd47fc00a2c39e90264f33305004495a9","hash":"04854c0c388cd9e70e65ef4f7922c82344435c55"}
}
